<?xml version="1.0" encoding="UTF-8"?>
<!-- Generated by org.testng.reporters.JUnitXMLReporter -->
<testsuite hostname="TIPS" ignored="0" name="Login Test" tests="3" failures="0" timestamp="19 Feb 2022 16:56:59 GMT" time="54.184" errors="0">
  <testcase name="validUserShouldBeAbleToLogIn" time="6.315" classname="test.LoginTest"/>
  <testcase name="validUserShouldBeAbleToCreateCustomer" time="23.787" classname="test.AddCustomerTest"/>
  <testcase name="verifiedUserMustBeAbleToGoToListCustomerAndPeformOperations" time="24.043" classname="test.ListCustomerTest"/>
</testsuite> <!-- Login Test -->
