<?xml version="1.0" encoding="UTF-8"?>
<testng-results skipped="0" failed="0" ignored="0" total="3" passed="3">
  <reporter-output>
  </reporter-output>
  <suite name="Regression testing" duration-ms="54184" started-at="2022-02-19T16:56:05Z" finished-at="2022-02-19T16:56:59Z">
    <groups>
    </groups>
    <test name="Login Test" duration-ms="54184" started-at="2022-02-19T16:56:05Z" finished-at="2022-02-19T16:56:59Z">
      <class name="test.AddCustomerTest">
        <test-method status="PASS" signature="validUserShouldBeAbleToCreateCustomer(java.lang.String, java.lang.String, java.lang.String, java.lang.String, java.lang.String, java.lang.String, java.lang.String, java.lang.String, java.lang.String, java.lang.String, java.lang.String)[pri:0, instance:test.AddCustomerTest@27efef64]" name="validUserShouldBeAbleToCreateCustomer" duration-ms="23787" started-at="2022-02-19T16:56:11Z" finished-at="2022-02-19T16:56:35Z">
          <params>
            <param index="0">
              <value>
                <![CDATA[demo@techfios.com]]>
              </value>
            </param>
            <param index="1">
              <value>
                <![CDATA[abc123]]>
              </value>
            </param>
            <param index="2">
              <value>
                <![CDATA[Sel NB]]>
              </value>
            </param>
            <param index="3">
              <value>
                <![CDATA[Techfios]]>
              </value>
            </param>
            <param index="4">
              <value>
                <![CDATA[selNB@test.com]]>
              </value>
            </param>
            <param index="5">
              <value>
                <![CDATA[12344321]]>
              </value>
            </param>
            <param index="6">
              <value>
                <![CDATA[Techfios building]]>
              </value>
            </param>
            <param index="7">
              <value>
                <![CDATA[Carrrolton]]>
              </value>
            </param>
            <param index="8">
              <value>
                <![CDATA[Texas]]>
              </value>
            </param>
            <param index="9">
              <value>
                <![CDATA[75009]]>
              </value>
            </param>
            <param index="10">
              <value>
                <![CDATA[United Kingdom]]>
              </value>
            </param>
          </params>
          <reporter-output>
          </reporter-output>
        </test-method> <!-- validUserShouldBeAbleToCreateCustomer -->
      </class> <!-- test.AddCustomerTest -->
      <class name="test.LoginTest">
        <test-method status="PASS" signature="validUserShouldBeAbleToLogIn(java.lang.String, java.lang.String)[pri:0, instance:test.LoginTest@59f99ea]" name="validUserShouldBeAbleToLogIn" duration-ms="6315" started-at="2022-02-19T16:56:05Z" finished-at="2022-02-19T16:56:11Z">
          <params>
            <param index="0">
              <value>
                <![CDATA[demo@techfios.com]]>
              </value>
            </param>
            <param index="1">
              <value>
                <![CDATA[abc123]]>
              </value>
            </param>
          </params>
          <reporter-output>
          </reporter-output>
        </test-method> <!-- validUserShouldBeAbleToLogIn -->
      </class> <!-- test.LoginTest -->
      <class name="test.ListCustomerTest">
        <test-method status="PASS" signature="verifiedUserMustBeAbleToGoToListCustomerAndPeformOperations(java.lang.String, java.lang.String, java.lang.String, java.lang.String, java.lang.String, java.lang.String, java.lang.String, java.lang.String, java.lang.String, java.lang.String, java.lang.String)[pri:0, instance:test.ListCustomerTest@6f7fd0e6]" name="verifiedUserMustBeAbleToGoToListCustomerAndPeformOperations" duration-ms="24043" started-at="2022-02-19T16:56:35Z" finished-at="2022-02-19T16:56:59Z">
          <params>
            <param index="0">
              <value>
                <![CDATA[demo@techfios.com]]>
              </value>
            </param>
            <param index="1">
              <value>
                <![CDATA[abc123]]>
              </value>
            </param>
            <param index="2">
              <value>
                <![CDATA[Sel NB]]>
              </value>
            </param>
            <param index="3">
              <value>
                <![CDATA[Techfios]]>
              </value>
            </param>
            <param index="4">
              <value>
                <![CDATA[selNB@test.com]]>
              </value>
            </param>
            <param index="5">
              <value>
                <![CDATA[12344321]]>
              </value>
            </param>
            <param index="6">
              <value>
                <![CDATA[Techfios building]]>
              </value>
            </param>
            <param index="7">
              <value>
                <![CDATA[Carrrolton]]>
              </value>
            </param>
            <param index="8">
              <value>
                <![CDATA[Texas]]>
              </value>
            </param>
            <param index="9">
              <value>
                <![CDATA[75009]]>
              </value>
            </param>
            <param index="10">
              <value>
                <![CDATA[United Kingdom]]>
              </value>
            </param>
          </params>
          <reporter-output>
          </reporter-output>
        </test-method> <!-- verifiedUserMustBeAbleToGoToListCustomerAndPeformOperations -->
      </class> <!-- test.ListCustomerTest -->
    </test> <!-- Login Test -->
  </suite> <!-- Regression testing -->
</testng-results>
